<?xml version="1.0" encoding="UTF-8"?>
<!-- Generated by org.testng.reporters.JUnitXMLReporter -->
<testsuite ignored="0" hostname="DESKTOP-1GINDK7" failures="3" tests="12" name="SeleniumProject" time="0.297" errors="0" timestamp="2024-07-04T12:57:41 IST">
  <testcase classname="testNGBasics.TestRetry" name="drive" time="0.031">
    <skipped/>
  </testcase> <!-- drive -->
  <testcase classname="testNGBasics.TestRetry" name="drive" time="0.016">
    <skipped/>
  </testcase> <!-- drive -->
  <testcase classname="testNGBasics.TestRetry" name="drive" time="0.0">
    <skipped/>
  </testcase> <!-- drive -->
  <testcase classname="testNGBasics.TestRetry" name="drive" time="0.0">
    <failure type="java.lang.AssertionError" message="expected [true] but found [false]">
      <![CDATA[java.lang.AssertionError: expected [true] but found [false]
at testNGBasics.TestRetry.drive(TestRetry.java:10)
at java.base/java.util.ArrayList.forEach(ArrayList.java:1597)
at com.intellij.rt.testng.IDEARemoteTestNG.run(IDEARemoteTestNG.java:65)
at com.intellij.rt.testng.RemoteTestNGStarter.main(RemoteTestNGStarter.java:105)
... Removed 29 stack frames]]>
    </failure>
  </testcase> <!-- drive -->
  <testcase classname="testNGBasics.TestRetry" name="ride" time="0.0">
    <skipped/>
  </testcase> <!-- ride -->
  <testcase classname="testNGBasics.TestRetry" name="ride" time="0.0">
    <skipped/>
  </testcase> <!-- ride -->
  <testcase classname="testNGBasics.TestRetry" name="ride" time="0.0">
    <skipped/>
  </testcase> <!-- ride -->
  <testcase classname="testNGBasics.TestRetry" name="ride" time="0.0">
    <failure type="java.lang.AssertionError" message="expected [true] but found [false]">
      <![CDATA[java.lang.AssertionError: expected [true] but found [false]
at testNGBasics.TestRetry.ride(TestRetry.java:14)
at java.base/java.util.ArrayList.forEach(ArrayList.java:1597)
at com.intellij.rt.testng.IDEARemoteTestNG.run(IDEARemoteTestNG.java:65)
at com.intellij.rt.testng.RemoteTestNGStarter.main(RemoteTestNGStarter.java:105)
... Removed 29 stack frames]]>
    </failure>
  </testcase> <!-- ride -->
  <testcase classname="testNGBasics.TestRetry" name="swim" time="0.0">
    <skipped/>
  </testcase> <!-- swim -->
  <testcase classname="testNGBasics.TestRetry" name="swim" time="0.0">
    <skipped/>
  </testcase> <!-- swim -->
  <testcase classname="testNGBasics.TestRetry" name="swim" time="0.0">
    <skipped/>
  </testcase> <!-- swim -->
  <testcase classname="testNGBasics.TestRetry" name="swim" time="0.0">
    <failure type="java.lang.AssertionError" message="expected [true] but found [false]">
      <![CDATA[java.lang.AssertionError: expected [true] but found [false]
at testNGBasics.TestRetry.swim(TestRetry.java:18)
at java.base/java.util.ArrayList.forEach(ArrayList.java:1597)
at com.intellij.rt.testng.IDEARemoteTestNG.run(IDEARemoteTestNG.java:65)
at com.intellij.rt.testng.RemoteTestNGStarter.main(RemoteTestNGStarter.java:105)
... Removed 29 stack frames]]>
    </failure>
  </testcase> <!-- swim -->
</testsuite> <!-- SeleniumProject -->
